<?xml version="1.0" encoding="UTF-8"?>
<!-- Generated by org.testng.reporters.JUnitReportReporter -->
<testsuite hostname="DESKTOP-VRBAL0D" failures="0" tests="2" name="com.ohrm.testcases.LoginPageTest" time="7.725" errors="0" timestamp="2025-02-16T20:56:03 IST" skipped="1">
  <testcase classname="com.ohrm.testcases.LoginPageTest" name="validateTitleTest" time="7.725"/>
  <system-out/>
  <testcase classname="com.ohrm.testcases.LoginPageTest" name="validateLoginMultipleRoles">
    <skipped/>
  </testcase> <!-- validateLoginMultipleRoles -->
  <system-out/>
</testsuite> <!-- com.ohrm.testcases.LoginPageTest -->
