<?xml version="1.0" encoding="UTF-8"?>
<!-- Generated by org.testng.reporters.JUnitReportReporter -->
<testsuite hostname="DESKTOP-VRBAL0D" failures="0" tests="1" name="com.ohrm.testcases.DashboardPageTest" time="9.425" errors="0" timestamp="2025-02-15T23:14:46 IST" skipped="0">
  <testcase classname="com.ohrm.testcases.DashboardPageTest" name="validateTimeWorkSectionTest" time="9.425"/>
  <system-out/>
</testsuite> <!-- com.ohrm.testcases.DashboardPageTest -->
